pdPlayer/build/outputs/logs/manifest-merger-debug-report.txt
-- Merging decision tree log ---
manifest
ADDED from src\main\AndroidManifest.xml:2:1-29:12
	package
		ADDED from src\main\AndroidManifest.xml:3:2-40
		INJECTED from src\main\AndroidManifest.xml
		INJECTED from src\main\AndroidManifest.xml
	android:versionName
		ADDED from src\main\AndroidManifest.xml:5:2-27
		INJECTED from src\main\AndroidManifest.xml
		INJECTED from src\main\AndroidManifest.xml
	android:versionCode
		ADDED from src\main\AndroidManifest.xml:4:2-25
		INJECTED from src\main\AndroidManifest.xml
		INJECTED from src\main\AndroidManifest.xml
	xmlns:android
		ADDED from src\main\AndroidManifest.xml:2:11-69
uses-sdk
ADDED from src\main\AndroidManifest.xml:6:5-8:41
	android:targetSdkVersion
		ADDED from src\main\AndroidManifest.xml:8:9-38
		INJECTED from src\main\AndroidManifest.xml
		INJECTED from src\main\AndroidManifest.xml
	android:minSdkVersion
		ADDED from src\main\AndroidManifest.xml:7:9-35
		INJECTED from src\main\AndroidManifest.xml
		INJECTED from src\main\AndroidManifest.xml
application
ADDED from src\main\AndroidManifest.xml:10:2-25:16
	android:label
		ADDED from src\main\AndroidManifest.xml:10:16-48
	android:theme
		ADDED from src\main\AndroidManifest.xml:11:9-40
activity#com.wickham.android.pdplayer.PdPlayer
ADDED from src\main\AndroidManifest.xml:12:3-20:14
	android:screenOrientation
		ADDED from src\main\AndroidManifest.xml:14:6-42
	android:label
		ADDED from src\main\AndroidManifest.xml:12:14-46
	android:launchMode
		ADDED from src\main\AndroidManifest.xml:15:6-37
	android:name
		ADDED from src\main\AndroidManifest.xml:13:9-61
intent-filter#android.intent.action.MAIN+android.intent.category.LAUNCHER
ADDED from src\main\AndroidManifest.xml:16:4-19:20
action#android.intent.action.MAIN
ADDED from src\main\AndroidManifest.xml:17:5-57
	android:name
		ADDED from src\main\AndroidManifest.xml:17:13-54
category#android.intent.category.LAUNCHER
ADDED from src\main\AndroidManifest.xml:18:5-65
	android:name
		ADDED from src\main\AndroidManifest.xml:18:15-62
service#org.puredata.android.service.PdService
ADDED from src\main\AndroidManifest.xml:21:3-69
	android:name
		ADDED from src\main\AndroidManifest.xml:21:13-66
activity#org.puredata.android.service.PdPreferences
ADDED from src\main\AndroidManifest.xml:22:3-24:45
	android:screenOrientation
		ADDED from src\main\AndroidManifest.xml:24:6-42
	android:label
		ADDED from src\main\AndroidManifest.xml:22:14-51
	android:name
		ADDED from src\main\AndroidManifest.xml:23:6-63
uses-permission#android.permission.RECORD_AUDIO
ADDED from src\main\AndroidManifest.xml:26:2-68
	android:name
		ADDED from src\main\AndroidManifest.xml:26:19-65
uses-permission#android.permission.BLUETOOTH
ADDED from src\main\AndroidManifest.xml:27:5-68
	android:name
		ADDED from src\main\AndroidManifest.xml:27:22-65
uses-permission#android.permission.WRITE_EXTERNAL_STORAGE
ADDED from src\main\AndroidManifest.xml:28:2-77
	android:name
		ADDED from src\main\AndroidManifest.xml:28:19-75
uses-permission#android.permission.READ_PHONE_STATE
IMPLIED from src\main\AndroidManifest.xml:2:1-29:12 reason: org.puredata.android.service has a targetSdkVersion < 4
uses-permission#android.permission.READ_EXTERNAL_STORAGE
IMPLIED from src\main\AndroidManifest.xml:2:1-29:12 reason: org.puredata.android.service requested WRITE_EXTERNAL_STORAGE